slosh3d.6 node 1 max error last time-step displacment:     1.5231944037e-07 :: relative error:    -9.4720258437e+10 
slosh3d.6 node 1 max error last time-step x-velocity:      1.3205314401e-06 :: relative error:     6.8902466609e-02 
slosh3d.6 node 1 max error last time-step y-velocity:      5.5316485868e-09 :: relative error:                  inf 
slosh3d.6 node 1 max error last time-step z-velocity:      1.3891320829e-07 :: relative error:     4.4519116873e+15 

slosh3d.6 node 1 error max over time displacment:     1.9895598134e-05 
slosh3d.6 node 1 error max over time x-velocity:      1.3499896801e-06 
slosh3d.6 node 1 error max over time y-velocity:      6.3943930530e-08 
slosh3d.6 node 1 error max over time z-velocity:      1.3891320829e-07 

2D submodels: grid RMSE error max over time displacment:     1.4193500947e-05 
2D submodels: grid RMSE error max over time x-velocity:      5.2074362026e-06 
2D submodels: grid RMSE error max over time y-velocity:      1.3761971125e-07 
2D submodels: grid RMSE error max over time z-velocity:      6.7616945977e-08 
2D submodels: grid RMSE error max over time vel-mag   :      5.2078831317e-06 

3D submodels: grid RMSE error max over time displacment:     1.5007676269e-05 
3D submodels: grid RMSE error max over time x-velocity:      5.6807213444e-06 
3D submodels: grid RMSE error max over time y-velocity:      1.5291983611e-07 
3D submodels: grid RMSE error max over time z-velocity:      8.0591734726e-08 
3D submodels: grid RMSE error max over time vel-mag   :      5.6811962736e-06 

Displacement FAIL
XVel FAIL
YVel PASS
ZVel FAIL 
