sloshfull3d.0 node 1 max error last time-step displacment:     4.8094493323e-04 :: relative error:     4.8095236151e-02 
sloshfull3d.0 node 1 max error last time-step x-velocity:      6.8672118097e-05 :: relative error:                  inf 
sloshfull3d.0 node 1 max error last time-step y-velocity:      1.1807630393e-04 :: relative error:                  inf 
sloshfull3d.0 node 1 max error last time-step z-velocity:      4.8130213766e-06 :: relative error:    -2.4805041518e+01 

sloshfull3d.0 node 1 error max over time displacment:     1.1657882841e-03 
sloshfull3d.0 node 1 error max over time x-velocity:      3.3102028569e-03 
sloshfull3d.0 node 1 error max over time y-velocity:      2.4876890586e-03 
sloshfull3d.0 node 1 error max over time z-velocity:      9.9153986253e-06 

2D submodels: grid RMSE error max over time displacment:     0.0000000000e+00 
2D submodels: grid RMSE error max over time x-velocity:      0.0000000000e+00 
2D submodels: grid RMSE error max over time y-velocity:      0.0000000000e+00 
2D submodels: grid RMSE error max over time z-velocity:      0.0000000000e+00 
2D submodels: grid RMSE error max over time vel-mag   :      0.0000000000e+00 

3D submodels: grid RMSE error max over time displacment:     2.5603296559e-03 
3D submodels: grid RMSE error max over time x-velocity:      1.5818441389e-03 
3D submodels: grid RMSE error max over time y-velocity:      1.0930887472e-03 
3D submodels: grid RMSE error max over time z-velocity:      7.4458538195e-06 
3D submodels: grid RMSE error max over time vel-mag   :      1.9227547089e-03 

Displacement FAIL
XVel FAIL
YVel FAIL
ZVel FAIL 
