slosh3d.7 node 1 max error last time-step displacment:     1.9521437546e-07 :: relative error:    -1.2139459053e+11 
slosh3d.7 node 1 max error last time-step x-velocity:      7.3390728804e-07 :: relative error:     3.8293690610e-02 
slosh3d.7 node 1 max error last time-step y-velocity:      3.6551123497e-09 :: relative error:                  inf 
slosh3d.7 node 1 max error last time-step z-velocity:      1.3900759000e-07 :: relative error:     4.4549364468e+15 

slosh3d.7 node 1 error max over time displacment:     1.9826128381e-05 
slosh3d.7 node 1 error max over time x-velocity:      7.3390728804e-07 
slosh3d.7 node 1 error max over time y-velocity:      1.5744003586e-08 
slosh3d.7 node 1 error max over time z-velocity:      1.3901557319e-07 

2D submodels: grid RMSE error max over time displacment:     1.3706289139e-05 
2D submodels: grid RMSE error max over time x-velocity:      4.8683773341e-06 
2D submodels: grid RMSE error max over time y-velocity:      3.6688333209e-08 
2D submodels: grid RMSE error max over time z-velocity:      6.8437423269e-08 
2D submodels: grid RMSE error max over time vel-mag   :      4.8688203128e-06 

3D submodels: grid RMSE error max over time displacment:     1.4506472191e-05 
3D submodels: grid RMSE error max over time x-velocity:      5.3108703594e-06 
3D submodels: grid RMSE error max over time y-velocity:      3.8460358458e-08 
3D submodels: grid RMSE error max over time z-velocity:      7.2691747747e-08 
3D submodels: grid RMSE error max over time vel-mag   :      5.3113531503e-06 

Displacement FAIL
XVel FAIL
YVel PASS
ZVel FAIL 
