sloshfull3d.3 node 1 max error last time-step displacment:     5.8832588759e-07 :: relative error:     5.8833497438e-05 
sloshfull3d.3 node 1 max error last time-step x-velocity:      4.4183375095e-07 :: relative error:                  inf 
sloshfull3d.3 node 1 max error last time-step y-velocity:      4.4183291361e-07 :: relative error:                  inf 
sloshfull3d.3 node 1 max error last time-step z-velocity:      1.7095331849e-07 :: relative error:    -8.8104827112e-01 

sloshfull3d.3 node 1 error max over time displacment:     2.2666118730e-05 
sloshfull3d.3 node 1 error max over time x-velocity:      9.5985144657e-05 
sloshfull3d.3 node 1 error max over time y-velocity:      9.5985136066e-05 
sloshfull3d.3 node 1 error max over time z-velocity:      8.2509983721e-07 

2D submodels: grid RMSE error max over time displacment:     0.0000000000e+00 
2D submodels: grid RMSE error max over time x-velocity:      0.0000000000e+00 
2D submodels: grid RMSE error max over time y-velocity:      0.0000000000e+00 
2D submodels: grid RMSE error max over time z-velocity:      0.0000000000e+00 
2D submodels: grid RMSE error max over time vel-mag   :      0.0000000000e+00 

3D submodels: grid RMSE error max over time displacment:     1.6344988272e-05 
3D submodels: grid RMSE error max over time x-velocity:      1.0511421338e-05 
3D submodels: grid RMSE error max over time y-velocity:      9.1236680340e-06 
3D submodels: grid RMSE error max over time z-velocity:      2.4664383354e-07 
3D submodels: grid RMSE error max over time vel-mag   :      1.3903178226e-05 

Displacement FAIL
XVel FAIL
YVel FAIL
ZVel PASS
