sloshfull2d.4 node 1 max error last time-step displacment:     4.3828889802e-07 :: relative error:     4.3829566747e-05 
sloshfull2d.4 node 1 max error last time-step x-velocity:      3.0942500651e-07 :: relative error:                  inf 
sloshfull2d.4 node 1 max error last time-step y-velocity:      2.1925836980e-06 :: relative error:                  inf 
sloshfull2d.4 node 1 max error last time-step z-velocity:      1.7259225472e-07 :: relative error:    -8.8949491577e-01 

sloshfull2d.4 node 1 error max over time displacment:     9.0341959085e-05 
sloshfull2d.4 node 1 error max over time x-velocity:      8.4117113029e-06 
sloshfull2d.4 node 1 error max over time y-velocity:      1.2793155467e-05 
sloshfull2d.4 node 1 error max over time z-velocity:      5.8522821506e-07 

2D submodels: grid RMSE error max over time displacment:     5.8130779759e-05 
2D submodels: grid RMSE error max over time x-velocity:      2.0980861568e-05 
2D submodels: grid RMSE error max over time y-velocity:      1.4823559594e-06 
2D submodels: grid RMSE error max over time z-velocity:      1.6101754019e-07 
2D submodels: grid RMSE error max over time vel-mag   :      2.0984367522e-05 

3D submodels: grid RMSE error max over time displacment:     0.0000000000e+00 
3D submodels: grid RMSE error max over time x-velocity:      0.0000000000e+00 
3D submodels: grid RMSE error max over time y-velocity:      0.0000000000e+00 
3D submodels: grid RMSE error max over time z-velocity:      0.0000000000e+00 
3D submodels: grid RMSE error max over time vel-mag   :      0.0000000000e+00 

Displacement FAIL
XVel FAIL
YVel FAIL
