sloshfull2d.1 node 1 max error last time-step displacment:     1.0576203416e-03 :: relative error:     1.0576366767e-01 
sloshfull2d.1 node 1 max error last time-step x-velocity:      8.1642702572e-06 :: relative error:                  inf 
sloshfull2d.1 node 1 max error last time-step y-velocity:      4.2644535458e-05 :: relative error:                  inf 
sloshfull2d.1 node 1 max error last time-step z-velocity:      1.9245205735e-05 :: relative error:    -9.9184709547e+01 

sloshfull2d.1 node 1 error max over time displacment:     4.2614872639e-03 
sloshfull2d.1 node 1 error max over time x-velocity:      1.3398225374e-04 
sloshfull2d.1 node 1 error max over time y-velocity:      1.3225987932e-04 
sloshfull2d.1 node 1 error max over time z-velocity:      2.1435419255e-05 

2D submodels: grid RMSE error max over time displacment:     3.0414830213e-03 
2D submodels: grid RMSE error max over time x-velocity:      9.4284991045e-04 
2D submodels: grid RMSE error max over time y-velocity:      8.5904005932e-05 
2D submodels: grid RMSE error max over time z-velocity:      8.2118278563e-06 
2D submodels: grid RMSE error max over time vel-mag   :      9.4354233468e-04 

3D submodels: grid RMSE error max over time displacment:     0.0000000000e+00 
3D submodels: grid RMSE error max over time x-velocity:      0.0000000000e+00 
3D submodels: grid RMSE error max over time y-velocity:      0.0000000000e+00 
3D submodels: grid RMSE error max over time z-velocity:      0.0000000000e+00 
3D submodels: grid RMSE error max over time vel-mag   :      0.0000000000e+00 

Displacement FAIL
XVel FAIL
YVel FAIL
