sloshfull3d.3 node 1 max error last time-step displacment:     1.2072767096e-05 :: relative error:     1.2072953562e-03 
sloshfull3d.3 node 1 max error last time-step x-velocity:      4.2707793111e-05 :: relative error:                  inf 
sloshfull3d.3 node 1 max error last time-step y-velocity:      4.2707826293e-05 :: relative error:                  inf 
sloshfull3d.3 node 1 max error last time-step z-velocity:      1.7280901538e-07 :: relative error:    -8.9061204302e-01 

sloshfull3d.3 node 1 error max over time displacment:     3.7195813977e-05 
sloshfull3d.3 node 1 error max over time x-velocity:      1.1655743832e-04 
sloshfull3d.3 node 1 error max over time y-velocity:      1.1655743611e-04 
sloshfull3d.3 node 1 error max over time z-velocity:      5.6941864406e-07 

2D submodels: grid RMSE error max over time displacment:     0.0000000000e+00 
2D submodels: grid RMSE error max over time x-velocity:      0.0000000000e+00 
2D submodels: grid RMSE error max over time y-velocity:      0.0000000000e+00 
2D submodels: grid RMSE error max over time z-velocity:      0.0000000000e+00 
2D submodels: grid RMSE error max over time vel-mag   :      0.0000000000e+00 

3D submodels: grid RMSE error max over time displacment:     1.9779092704e-05 
3D submodels: grid RMSE error max over time x-velocity:      1.4562242700e-05 
3D submodels: grid RMSE error max over time y-velocity:      1.1573547417e-05 
3D submodels: grid RMSE error max over time z-velocity:      2.2960985348e-07 
3D submodels: grid RMSE error max over time vel-mag   :      1.8514256450e-05 

Displacement FAIL
XVel FAIL
YVel FAIL
ZVel PASS
