sloshfull2d.5 node 1 max error last time-step displacment:     3.5935169733e-07 :: relative error:     3.5935724758e-05 
sloshfull2d.5 node 1 max error last time-step x-velocity:      1.0918256071e-07 :: relative error:                  inf 
sloshfull2d.5 node 1 max error last time-step y-velocity:      4.4785776008e-08 :: relative error:                  inf 
sloshfull2d.5 node 1 max error last time-step z-velocity:      4.7556383906e-08 :: relative error:    -2.4509304758e-01 

sloshfull2d.5 node 1 error max over time displacment:     3.0661045709e-05 
sloshfull2d.5 node 1 error max over time x-velocity:      1.7932032565e-06 
sloshfull2d.5 node 1 error max over time y-velocity:      1.9283504004e-06 
sloshfull2d.5 node 1 error max over time z-velocity:      5.1047535678e-07 

2D submodels: grid RMSE error max over time displacment:     1.6127661580e-05 
2D submodels: grid RMSE error max over time x-velocity:      6.4602465969e-06 
2D submodels: grid RMSE error max over time y-velocity:      5.3678158447e-07 
2D submodels: grid RMSE error max over time z-velocity:      7.0690477353e-08 
2D submodels: grid RMSE error max over time vel-mag   :      6.4609980948e-06 

3D submodels: grid RMSE error max over time displacment:     0.0000000000e+00 
3D submodels: grid RMSE error max over time x-velocity:      0.0000000000e+00 
3D submodels: grid RMSE error max over time y-velocity:      0.0000000000e+00 
3D submodels: grid RMSE error max over time z-velocity:      0.0000000000e+00 
3D submodels: grid RMSE error max over time vel-mag   :      0.0000000000e+00 

Displacement FAIL
XVel FAIL
YVel FAIL
