sloshfull2d.6 node 1 max error last time-step displacment:     2.1723573211e-07 :: relative error:     2.1723908736e-05 
sloshfull2d.6 node 1 max error last time-step x-velocity:      1.2168745720e-08 :: relative error:                  inf 
sloshfull2d.6 node 1 max error last time-step y-velocity:      1.0288198280e-08 :: relative error:                  inf 
sloshfull2d.6 node 1 max error last time-step z-velocity:      9.8594109118e-08 :: relative error:    -5.0812800916e-01 

sloshfull2d.6 node 1 error max over time displacment:     2.0241215209e-05 
sloshfull2d.6 node 1 error max over time x-velocity:      8.6012693011e-07 
sloshfull2d.6 node 1 error max over time y-velocity:      9.2828803965e-07 
sloshfull2d.6 node 1 error max over time z-velocity:      1.9697432267e-07 

2D submodels: grid RMSE error max over time displacment:     1.2386268390e-05 
2D submodels: grid RMSE error max over time x-velocity:      4.4383675108e-06 
2D submodels: grid RMSE error max over time y-velocity:      1.4205434927e-07 
2D submodels: grid RMSE error max over time z-velocity:      6.0980049606e-08 
2D submodels: grid RMSE error max over time vel-mag   :      4.4388117126e-06 

3D submodels: grid RMSE error max over time displacment:     0.0000000000e+00 
3D submodels: grid RMSE error max over time x-velocity:      0.0000000000e+00 
3D submodels: grid RMSE error max over time y-velocity:      0.0000000000e+00 
3D submodels: grid RMSE error max over time z-velocity:      0.0000000000e+00 
3D submodels: grid RMSE error max over time vel-mag   :      0.0000000000e+00 

Displacement FAIL
XVel FAIL
YVel PASS
