sloshfull3d.6 node 1 max error last time-step displacment:     3.4568135581e-07 :: relative error:     3.4568669492e-05 
sloshfull3d.6 node 1 max error last time-step x-velocity:      2.4140595209e-06 :: relative error:                  inf 
sloshfull3d.6 node 1 max error last time-step y-velocity:      2.4140595324e-06 :: relative error:                  inf 
sloshfull3d.6 node 1 max error last time-step z-velocity:      6.4861352172e-10 :: relative error:    -3.3427828544e-03 

sloshfull3d.6 node 1 error max over time displacment:     2.3112004929e-05 
sloshfull3d.6 node 1 error max over time x-velocity:      1.0187810828e-05 
sloshfull3d.6 node 1 error max over time y-velocity:      1.0187810829e-05 
sloshfull3d.6 node 1 error max over time z-velocity:      2.9982754356e-07 

2D submodels: grid RMSE error max over time displacment:     0.0000000000e+00 
2D submodels: grid RMSE error max over time x-velocity:      0.0000000000e+00 
2D submodels: grid RMSE error max over time y-velocity:      0.0000000000e+00 
2D submodels: grid RMSE error max over time z-velocity:      0.0000000000e+00 
2D submodels: grid RMSE error max over time vel-mag   :      0.0000000000e+00 

3D submodels: grid RMSE error max over time displacment:     1.6141793868e-05 
3D submodels: grid RMSE error max over time x-velocity:      5.6147389329e-06 
3D submodels: grid RMSE error max over time y-velocity:      1.5429969356e-07 
3D submodels: grid RMSE error max over time z-velocity:      8.9289523219e-08 
3D submodels: grid RMSE error max over time vel-mag   :      5.6155678242e-06 

Displacement FAIL
XVel FAIL
YVel FAIL
ZVel PASS
