slosh3d.1 node 1 max error last time-step displacment:     2.4242200605e-04 :: relative error:    -1.5075078406e+14 
slosh3d.1 node 1 max error last time-step x-velocity:      8.0153585199e-04 :: relative error:     4.1822402406e+01 
slosh3d.1 node 1 max error last time-step y-velocity:      3.1690935544e-05 :: relative error:                  inf 
slosh3d.1 node 1 max error last time-step z-velocity:      1.9500841306e-06 :: relative error:     6.2496593661e+16 

slosh3d.1 node 1 error max over time displacment:     4.7814739081e-04 
slosh3d.1 node 1 error max over time x-velocity:      8.0153585199e-04 
slosh3d.1 node 1 error max over time y-velocity:      7.1579138161e-05 
slosh3d.1 node 1 error max over time z-velocity:      5.0370201760e-06 

2D submodels: grid RMSE error max over time displacment:     1.4903324044e-03 
2D submodels: grid RMSE error max over time x-velocity:      5.1597648483e-04 
2D submodels: grid RMSE error max over time y-velocity:      8.1457693945e-05 
2D submodels: grid RMSE error max over time z-velocity:      4.8169071163e-06 
2D submodels: grid RMSE error max over time vel-mag   :      5.1710523415e-04 

3D submodels: grid RMSE error max over time displacment:     1.4450357574e-03 
3D submodels: grid RMSE error max over time x-velocity:      5.3573640268e-04 
3D submodels: grid RMSE error max over time y-velocity:      1.0637210851e-04 
3D submodels: grid RMSE error max over time z-velocity:      3.9165772855e-06 
3D submodels: grid RMSE error max over time vel-mag   :      5.3614679050e-04 

Displacement FAIL
XVel FAIL
YVel FAIL
ZVel FAIL 
