sloshfull2d.4 node 1 max error last time-step displacment:     1.3475336496e-06 :: relative error:     1.3475544625e-04 
sloshfull2d.4 node 1 max error last time-step x-velocity:      4.1002254126e-08 :: relative error:                  inf 
sloshfull2d.4 node 1 max error last time-step y-velocity:      7.8336689441e-08 :: relative error:                  inf 
sloshfull2d.4 node 1 max error last time-step z-velocity:      1.8778686363e-07 :: relative error:    -9.6780391869e-01 

sloshfull2d.4 node 1 error max over time displacment:     7.8030458318e-05 
sloshfull2d.4 node 1 error max over time x-velocity:      4.6115209796e-06 
sloshfull2d.4 node 1 error max over time y-velocity:      4.7832521287e-06 
sloshfull2d.4 node 1 error max over time z-velocity:      1.1269901616e-06 

2D submodels: grid RMSE error max over time displacment:     5.2144128700e-05 
2D submodels: grid RMSE error max over time x-velocity:      1.8921938290e-05 
2D submodels: grid RMSE error max over time y-velocity:      1.9642048521e-06 
2D submodels: grid RMSE error max over time z-velocity:      1.5342941254e-07 
2D submodels: grid RMSE error max over time vel-mag   :      1.8925224525e-05 

3D submodels: grid RMSE error max over time displacment:     0.0000000000e+00 
3D submodels: grid RMSE error max over time x-velocity:      0.0000000000e+00 
3D submodels: grid RMSE error max over time y-velocity:      0.0000000000e+00 
3D submodels: grid RMSE error max over time z-velocity:      0.0000000000e+00 
3D submodels: grid RMSE error max over time vel-mag   :      0.0000000000e+00 

Displacement FAIL
XVel FAIL
YVel FAIL
