sloshfull3d.0 node 1 max error last time-step displacment:     3.1290044408e-03 :: relative error:     3.1290527689e-01 
sloshfull3d.0 node 1 max error last time-step x-velocity:      3.2751379731e-04 :: relative error:                  inf 
sloshfull3d.0 node 1 max error last time-step y-velocity:      3.3107113665e-04 :: relative error:                  inf 
sloshfull3d.0 node 1 max error last time-step z-velocity:      6.3209106035e-06 :: relative error:    -3.2576304505e+01 

sloshfull3d.0 node 1 error max over time displacment:     3.1290044408e-03 
sloshfull3d.0 node 1 error max over time x-velocity:      1.0930430930e-03 
sloshfull3d.0 node 1 error max over time y-velocity:      1.1410423029e-03 
sloshfull3d.0 node 1 error max over time z-velocity:      1.4630420297e-05 

2D submodels: grid RMSE error max over time displacment:     0.0000000000e+00 
2D submodels: grid RMSE error max over time x-velocity:      0.0000000000e+00 
2D submodels: grid RMSE error max over time y-velocity:      0.0000000000e+00 
2D submodels: grid RMSE error max over time z-velocity:      0.0000000000e+00 
2D submodels: grid RMSE error max over time vel-mag   :      0.0000000000e+00 

3D submodels: grid RMSE error max over time displacment:     2.1619400423e-03 
3D submodels: grid RMSE error max over time x-velocity:      7.6762740146e-04 
3D submodels: grid RMSE error max over time y-velocity:      5.6737272670e-04 
3D submodels: grid RMSE error max over time z-velocity:      6.0739001272e-06 
3D submodels: grid RMSE error max over time vel-mag   :      8.9716467045e-04 

Displacement FAIL
XVel FAIL
YVel FAIL
ZVel FAIL 
