sloshfull3d.1 node 1 max error last time-step displacment:     6.9981960959e-05 :: relative error:     6.9983041843e-03 
sloshfull3d.1 node 1 max error last time-step x-velocity:      2.1011950778e-06 :: relative error:                  inf 
sloshfull3d.1 node 1 max error last time-step y-velocity:      1.5770476853e-06 :: relative error:                  inf 
sloshfull3d.1 node 1 max error last time-step z-velocity:      2.5592264052e-07 :: relative error:    -1.3189577246e+00 

sloshfull3d.1 node 1 error max over time displacment:     9.7132195347e-05 
sloshfull3d.1 node 1 error max over time x-velocity:      2.9723837805e-04 
sloshfull3d.1 node 1 error max over time y-velocity:      2.8934038143e-04 
sloshfull3d.1 node 1 error max over time z-velocity:      1.3183807992e-06 

2D submodels: grid RMSE error max over time displacment:     0.0000000000e+00 
2D submodels: grid RMSE error max over time x-velocity:      0.0000000000e+00 
2D submodels: grid RMSE error max over time y-velocity:      0.0000000000e+00 
2D submodels: grid RMSE error max over time z-velocity:      0.0000000000e+00 
2D submodels: grid RMSE error max over time vel-mag   :      0.0000000000e+00 

3D submodels: grid RMSE error max over time displacment:     1.1312753199e-04 
3D submodels: grid RMSE error max over time x-velocity:      1.0496467312e-04 
3D submodels: grid RMSE error max over time y-velocity:      9.6330742006e-05 
3D submodels: grid RMSE error max over time z-velocity:      9.1569746478e-07 
3D submodels: grid RMSE error max over time vel-mag   :      1.4243761961e-04 

Displacement FAIL
XVel FAIL
YVel FAIL
ZVel FAIL 
