slosh3d.4 node 1 max error last time-step displacment:     9.0017467166e-07 :: relative error:    -5.5977606882e+11 
slosh3d.4 node 1 max error last time-step x-velocity:      1.6988709422e-05 :: relative error:     8.8643401297e-01 
slosh3d.4 node 1 max error last time-step y-velocity:      3.3156308397e-08 :: relative error:                  inf 
slosh3d.4 node 1 max error last time-step z-velocity:      1.4423337772e-07 :: relative error:     4.6224132889e+15 

slosh3d.4 node 1 error max over time displacment:     2.0916872243e-05 
slosh3d.4 node 1 error max over time x-velocity:      1.6988709422e-05 
slosh3d.4 node 1 error max over time y-velocity:      2.5032531563e-07 
slosh3d.4 node 1 error max over time z-velocity:      1.5122168122e-07 

2D submodels: grid RMSE error max over time displacment:     3.4030142081e-05 
2D submodels: grid RMSE error max over time x-velocity:      1.4208601410e-05 
2D submodels: grid RMSE error max over time y-velocity:      1.4018089029e-06 
2D submodels: grid RMSE error max over time z-velocity:      1.1695699044e-07 
2D submodels: grid RMSE error max over time vel-mag   :      1.4213962294e-05 

3D submodels: grid RMSE error max over time displacment:     3.5132699516e-05 
3D submodels: grid RMSE error max over time x-velocity:      1.5680464187e-05 
3D submodels: grid RMSE error max over time y-velocity:      3.1546230339e-06 
3D submodels: grid RMSE error max over time z-velocity:      1.4553295283e-07 
3D submodels: grid RMSE error max over time vel-mag   :      1.5701227097e-05 

Displacement FAIL
XVel FAIL
YVel PASS
ZVel FAIL 
