sloshfull2d.3 node 1 max error last time-step displacment:     1.9228834796e-06 :: relative error:     1.9229131789e-04 
sloshfull2d.3 node 1 max error last time-step x-velocity:      3.8103464688e-06 :: relative error:                  inf 
sloshfull2d.3 node 1 max error last time-step y-velocity:      1.2658138544e-06 :: relative error:                  inf 
sloshfull2d.3 node 1 max error last time-step z-velocity:      4.0069837769e-07 :: relative error:    -2.0650936527e+00 

sloshfull2d.3 node 1 error max over time displacment:     3.0014279905e-04 
sloshfull2d.3 node 1 error max over time x-velocity:      1.4242740691e-05 
sloshfull2d.3 node 1 error max over time y-velocity:      1.3613680223e-05 
sloshfull2d.3 node 1 error max over time z-velocity:      2.7648854512e-06 

2D submodels: grid RMSE error max over time displacment:     2.0487451743e-04 
2D submodels: grid RMSE error max over time x-velocity:      7.1311204523e-05 
2D submodels: grid RMSE error max over time y-velocity:      6.9954233402e-06 
2D submodels: grid RMSE error max over time z-velocity:      6.2803661745e-07 
2D submodels: grid RMSE error max over time vel-mag   :      7.1324124858e-05 

3D submodels: grid RMSE error max over time displacment:     0.0000000000e+00 
3D submodels: grid RMSE error max over time x-velocity:      0.0000000000e+00 
3D submodels: grid RMSE error max over time y-velocity:      0.0000000000e+00 
3D submodels: grid RMSE error max over time z-velocity:      0.0000000000e+00 
3D submodels: grid RMSE error max over time vel-mag   :      0.0000000000e+00 

Displacement FAIL
XVel FAIL
YVel FAIL
