sloshfull3d.7 node 1 max error last time-step displacment:     3.1983451224e-07 :: relative error:     3.1983945214e-05 
sloshfull3d.7 node 1 max error last time-step x-velocity:      6.9242393715e-07 :: relative error:                  inf 
sloshfull3d.7 node 1 max error last time-step y-velocity:      6.9242393796e-07 :: relative error:                  inf 
sloshfull3d.7 node 1 max error last time-step z-velocity:      6.7754547521e-08 :: relative error:    -3.4918905046e-01 

sloshfull3d.7 node 1 error max over time displacment:     2.2678279435e-05 
sloshfull3d.7 node 1 error max over time x-velocity:      4.0185560871e-06 
sloshfull3d.7 node 1 error max over time y-velocity:      4.0185560871e-06 
sloshfull3d.7 node 1 error max over time z-velocity:      2.3269633107e-07 

2D submodels: grid RMSE error max over time displacment:     0.0000000000e+00 
2D submodels: grid RMSE error max over time x-velocity:      0.0000000000e+00 
2D submodels: grid RMSE error max over time y-velocity:      0.0000000000e+00 
2D submodels: grid RMSE error max over time z-velocity:      0.0000000000e+00 
2D submodels: grid RMSE error max over time vel-mag   :      0.0000000000e+00 

3D submodels: grid RMSE error max over time displacment:     1.6091448220e-05 
3D submodels: grid RMSE error max over time x-velocity:      5.5946814151e-06 
3D submodels: grid RMSE error max over time y-velocity:      3.4392120456e-08 
3D submodels: grid RMSE error max over time z-velocity:      8.2283788945e-08 
3D submodels: grid RMSE error max over time vel-mag   :      5.5952725757e-06 

Displacement FAIL
XVel FAIL
YVel FAIL
ZVel PASS
