slosh3d.7 node 1 max error last time-step displacment:     1.7039570318e-07 :: relative error:    -1.0596103165e+11 
slosh3d.7 node 1 max error last time-step x-velocity:      1.1853698713e-06 :: relative error:     6.1850029083e-02 
slosh3d.7 node 1 max error last time-step y-velocity:      6.8883608281e-12 :: relative error:                  inf 
slosh3d.7 node 1 max error last time-step z-velocity:      1.3943622544e-07 :: relative error:     4.4686734207e+15 

slosh3d.7 node 1 error max over time displacment:     1.9819220625e-05 
slosh3d.7 node 1 error max over time x-velocity:      1.1882355042e-06 
slosh3d.7 node 1 error max over time y-velocity:      1.6940284762e-09 
slosh3d.7 node 1 error max over time z-velocity:      1.3946989145e-07 

2D submodels: grid RMSE error max over time displacment:     1.3981057747e-05 
2D submodels: grid RMSE error max over time x-velocity:      5.0846089956e-06 
2D submodels: grid RMSE error max over time y-velocity:      2.9023867244e-08 
2D submodels: grid RMSE error max over time z-velocity:      6.7774071815e-08 
2D submodels: grid RMSE error max over time vel-mag   :      5.0850523070e-06 

3D submodels: grid RMSE error max over time displacment:     1.4769584293e-05 
3D submodels: grid RMSE error max over time x-velocity:      5.5473945017e-06 
3D submodels: grid RMSE error max over time y-velocity:      3.8851581263e-08 
3D submodels: grid RMSE error max over time z-velocity:      7.2679196499e-08 
3D submodels: grid RMSE error max over time vel-mag   :      5.5478916957e-06 

Displacement FAIL
XVel FAIL
YVel PASS
ZVel FAIL 
