sloshfull2d.3 node 1 max error last time-step displacment:     1.7847122118e-05 :: relative error:     1.7847397770e-03 
sloshfull2d.3 node 1 max error last time-step x-velocity:      7.5127882110e-07 :: relative error:                  inf 
sloshfull2d.3 node 1 max error last time-step y-velocity:      6.6502703307e-06 :: relative error:                  inf 
sloshfull2d.3 node 1 max error last time-step z-velocity:      9.8937035363e-07 :: relative error:    -5.0989536049e+00 

sloshfull2d.3 node 1 error max over time displacment:     2.9984870751e-04 
sloshfull2d.3 node 1 error max over time x-velocity:      1.5859368975e-05 
sloshfull2d.3 node 1 error max over time y-velocity:      2.8255119284e-05 
sloshfull2d.3 node 1 error max over time z-velocity:      1.2001327313e-06 

2D submodels: grid RMSE error max over time displacment:     2.0696464095e-04 
2D submodels: grid RMSE error max over time x-velocity:      7.2034638245e-05 
2D submodels: grid RMSE error max over time y-velocity:      5.3682784116e-06 
2D submodels: grid RMSE error max over time z-velocity:      5.3218768718e-07 
2D submodels: grid RMSE error max over time vel-mag   :      7.2051635088e-05 

3D submodels: grid RMSE error max over time displacment:     0.0000000000e+00 
3D submodels: grid RMSE error max over time x-velocity:      0.0000000000e+00 
3D submodels: grid RMSE error max over time y-velocity:      0.0000000000e+00 
3D submodels: grid RMSE error max over time z-velocity:      0.0000000000e+00 
3D submodels: grid RMSE error max over time vel-mag   :      0.0000000000e+00 

Displacement FAIL
XVel FAIL
YVel FAIL
